Using pre-set license
Built from '2020.3/staging' branch; Version is '2020.3.9f1 (108be757e447) revision 1084391'; Using compiler version '192528614'; Build Type 'Release'
OS: 'Windows 10 Pro; OS build 19043.1165; Version 2009; 64bit' Language: 'pl' Physical Memory: 16303 MB
BatchMode: 1, IsHumanControllingUs: 0, StartBugReporterOnCrash: 0, Is64bit: 1, IsPro: 0

 COMMAND LINE ARGUMENTS:
C:\Program Files\Unity\Hub\Editor\2020.3.9f1\Editor\Unity.exe
-adb2
-batchMode
-noUpm
-name
AssetImportWorker0
-projectPath
D:/Projekty Unity/FirstPersonController
-logFile
Logs/AssetImportWorker0.log
-srvPort
61799
Successfully changed project path to: D:/Projekty Unity/FirstPersonController
D:/Projekty Unity/FirstPersonController
Using Asset Import Pipeline V2.
Refreshing native plugins compatible for Editor in 40.15 ms, found 0 plugins.
Preloading 0 native plugins for Editor in 0.00 ms.
Initialize engine version: 2020.3.9f1 (108be757e447)
[Subsystems] Discovering subsystems at path C:/Program Files/Unity/Hub/Editor/2020.3.9f1/Editor/Data/Resources/UnitySubsystems
[Subsystems] Discovering subsystems at path D:/Projekty Unity/FirstPersonController/Assets
GfxDevice: creating device client; threaded=0
Direct3D:
    Version:  Direct3D 11.0 [level 11.1]
    Renderer: NVIDIA GeForce GTX 1660 Ti (ID=0x2191)
    Vendor:   
    VRAM:     5991 MB
    Driver:   27.21.14.6647
Initialize mono
Mono path[0] = 'C:/Program Files/Unity/Hub/Editor/2020.3.9f1/Editor/Data/Managed'
Mono path[1] = 'C:/Program Files/Unity/Hub/Editor/2020.3.9f1/Editor/Data/MonoBleedingEdge/lib/mono/unityjit'
Mono config path = 'C:/Program Files/Unity/Hub/Editor/2020.3.9f1/Editor/Data/MonoBleedingEdge/etc'
Using monoOptions --debugger-agent=transport=dt_socket,embedding=1,server=y,suspend=n,address=127.0.0.1:56304
Begin MonoManager ReloadAssembly
Registering precompiled unity dll's ...
Register platform support module: C:/Program Files/Unity/Hub/Editor/2020.3.9f1/Editor/Data/PlaybackEngines/WindowsStandaloneSupport/UnityEditor.WindowsStandalone.Extensions.dll
Registered in 0.001510 seconds.
Native extension for WindowsStandalone target not found
Refreshing native plugins compatible for Editor in 43.86 ms, found 0 plugins.
Preloading 0 native plugins for Editor in 0.00 ms.
Mono: successfully reloaded assembly
- Completed reload, in  1.664 seconds
Platform modules already initialized, skipping
Registering precompiled user dll's ...
Registered in 0.000888 seconds.
Begin MonoManager ReloadAssembly
Native extension for WindowsStandalone target not found
Refreshing native plugins compatible for Editor in 42.92 ms, found 0 plugins.
Preloading 0 native plugins for Editor in 0.00 ms.
Mono: successfully reloaded assembly
- Completed reload, in  0.970 seconds
Platform modules already initialized, skipping
========================================================================
Worker process is ready to serve import requests
Shader 'Universal Render Pipeline/Particles/Lit': fallback shader 'Universal Render Pipeline/Particles/SimpleLit' not found
Shader 'Universal Render Pipeline/Particles/Lit': fallback shader 'Universal Render Pipeline/Particles/SimpleLit' not found
Launched and connected shader compiler UnityShaderCompiler.exe after 0.04 seconds
Refreshing native plugins compatible for Editor in 0.39 ms, found 0 plugins.
Preloading 0 native plugins for Editor in 0.00 ms.
Unloading 2738 Unused Serialized files (Serialized files now loaded: 0)
System memory in use before: 125.1 MB.
System memory in use after: 122.3 MB.

Unloading 48 unused Assets to reduce memory usage. Loaded Objects now: 3148.
Total: 3.482400 ms (FindLiveObjects: 0.239300 ms CreateObjectMapping: 0.116000 ms MarkObjects: 1.900500 ms  DeleteObjects: 1.225700 ms)

========================================================================
Received Import Request.
  path: Assets/FPP/CustomStates
  artifactKey: Guid(d366d5f321ad89c4dad39ec8808d588d) Importer(815301076,1909f56bfc062723c751e8b465ee728b)
Start importing Assets/FPP/CustomStates using Guid(d366d5f321ad89c4dad39ec8808d588d) Importer(815301076,1909f56bfc062723c751e8b465ee728b)  -> (artifact id: '0893bc6409cc76017b666860e255e981') in 0.022772 seconds
  Import took 0.026561 seconds .

========================================================================
Received Import Request.
  Time since last request: 0.047828 seconds.
  path: Assets/FPP/Animators/HeadBobAnimatorController.controller
  artifactKey: Guid(4acff6180c29ed240b427b31c5699996) Importer(815301076,1909f56bfc062723c751e8b465ee728b)
Start importing Assets/FPP/Animators/HeadBobAnimatorController.controller using Guid(4acff6180c29ed240b427b31c5699996) Importer(815301076,1909f56bfc062723c751e8b465ee728b)  -> (artifact id: 'a2a07bc5f2d531c45f73c37f26cb54d2') in 0.021743 seconds
  Import took 0.025840 seconds .

========================================================================
Received Prepare
Registering precompiled user dll's ...
Registered in 0.000855 seconds.
Begin MonoManager ReloadAssembly
Native extension for WindowsStandalone target not found
Refreshing native plugins compatible for Editor in 0.38 ms, found 0 plugins.
Preloading 0 native plugins for Editor in 0.00 ms.
Mono: successfully reloaded assembly
- Completed reload, in  0.869 seconds
Platform modules already initialized, skipping
Shader 'Universal Render Pipeline/Particles/Lit': fallback shader 'Universal Render Pipeline/Particles/SimpleLit' not found
Shader 'Universal Render Pipeline/Particles/Lit': fallback shader 'Universal Render Pipeline/Particles/SimpleLit' not found
Refreshing native plugins compatible for Editor in 0.40 ms, found 0 plugins.
Preloading 0 native plugins for Editor in 0.00 ms.
Unloading 2664 Unused Serialized files (Serialized files now loaded: 0)
System memory in use before: 121.9 MB.
System memory in use after: 119.2 MB.

Unloading 42 unused Assets to reduce memory usage. Loaded Objects now: 3150.
Total: 3.467400 ms (FindLiveObjects: 0.237000 ms CreateObjectMapping: 0.095700 ms MarkObjects: 1.884000 ms  DeleteObjects: 1.249800 ms)

========================================================================
Received Prepare
Registering precompiled user dll's ...
Registered in 0.000920 seconds.
Begin MonoManager ReloadAssembly
Native extension for WindowsStandalone target not found
Refreshing native plugins compatible for Editor in 0.44 ms, found 0 plugins.
Preloading 0 native plugins for Editor in 0.00 ms.
Mono: successfully reloaded assembly
- Completed reload, in  0.839 seconds
Platform modules already initialized, skipping
Shader 'Universal Render Pipeline/Particles/Lit': fallback shader 'Universal Render Pipeline/Particles/SimpleLit' not found
Shader 'Universal Render Pipeline/Particles/Lit': fallback shader 'Universal Render Pipeline/Particles/SimpleLit' not found
Refreshing native plugins compatible for Editor in 0.38 ms, found 0 plugins.
Preloading 0 native plugins for Editor in 0.00 ms.
Unloading 2664 Unused Serialized files (Serialized files now loaded: 0)
System memory in use before: 122.0 MB.
System memory in use after: 119.2 MB.

Unloading 41 unused Assets to reduce memory usage. Loaded Objects now: 3153.
Total: 3.692600 ms (FindLiveObjects: 0.224500 ms CreateObjectMapping: 0.099000 ms MarkObjects: 2.062000 ms  DeleteObjects: 1.306200 ms)

========================================================================
Received Import Request.
  Time since last request: 910.844886 seconds.
  path: Assets/FPP/StateMachine/NodeStates.cs
  artifactKey: Guid(38dc0d066ef6ac941aef3e5818052210) Importer(815301076,1909f56bfc062723c751e8b465ee728b)
Start importing Assets/FPP/StateMachine/NodeStates.cs using Guid(38dc0d066ef6ac941aef3e5818052210) Importer(815301076,1909f56bfc062723c751e8b465ee728b)  -> (artifact id: 'aef87db30bb8e5f225f1e8a1ca9bf932') in 0.006761 seconds
  Import took 0.010102 seconds .

========================================================================
Received Prepare
Registering precompiled user dll's ...
Registered in 0.000877 seconds.
Begin MonoManager ReloadAssembly
Native extension for WindowsStandalone target not found
Refreshing native plugins compatible for Editor in 0.38 ms, found 0 plugins.
Preloading 0 native plugins for Editor in 0.00 ms.
Mono: successfully reloaded assembly
- Completed reload, in  0.822 seconds
Platform modules already initialized, skipping
Shader 'Universal Render Pipeline/Particles/Lit': fallback shader 'Universal Render Pipeline/Particles/SimpleLit' not found
Shader 'Universal Render Pipeline/Particles/Lit': fallback shader 'Universal Render Pipeline/Particles/SimpleLit' not found
Refreshing native plugins compatible for Editor in 0.39 ms, found 0 plugins.
Preloading 0 native plugins for Editor in 0.00 ms.
Unloading 2664 Unused Serialized files (Serialized files now loaded: 0)
System memory in use before: 122.0 MB.
System memory in use after: 119.3 MB.

Unloading 41 unused Assets to reduce memory usage. Loaded Objects now: 3156.
Total: 3.819100 ms (FindLiveObjects: 0.225600 ms CreateObjectMapping: 0.090400 ms MarkObjects: 2.099600 ms  DeleteObjects: 1.402600 ms)

========================================================================
Received Import Request.
  Time since last request: 19.634045 seconds.
  path: Assets/FPP/StateMachine/BTNode.cs
  artifactKey: Guid(2fd1601b07eeb17429f832636aff67f9) Importer(815301076,1909f56bfc062723c751e8b465ee728b)
Start importing Assets/FPP/StateMachine/BTNode.cs using Guid(2fd1601b07eeb17429f832636aff67f9) Importer(815301076,1909f56bfc062723c751e8b465ee728b)  -> (artifact id: '4574ac2244ee2b4e371d8c92065cf1cf') in 0.004102 seconds
  Import took 0.007391 seconds .

========================================================================
Received Import Request.
  Time since last request: 5.501186 seconds.
  path: Assets/FPP/StateMachine/Sequence.cs
  artifactKey: Guid(bee7ba95d4162a7478ca3641fb59cf69) Importer(815301076,1909f56bfc062723c751e8b465ee728b)
Start importing Assets/FPP/StateMachine/Sequence.cs using Guid(bee7ba95d4162a7478ca3641fb59cf69) Importer(815301076,1909f56bfc062723c751e8b465ee728b)  -> (artifact id: 'e7ac3c72b5facecb2847664cb67b3aeb') in 0.001495 seconds
  Import took 0.008159 seconds .

========================================================================
Received Import Request.
  Time since last request: 0.019883 seconds.
  path: Assets/FPP/StateMachine/Sequence.cs
  artifactKey: Guid(bee7ba95d4162a7478ca3641fb59cf69) Importer(815301076,1909f56bfc062723c751e8b465ee728b)
Start importing Assets/FPP/StateMachine/Sequence.cs using Guid(bee7ba95d4162a7478ca3641fb59cf69) Importer(815301076,1909f56bfc062723c751e8b465ee728b)  -> (artifact id: 'e7ac3c72b5facecb2847664cb67b3aeb') in 0.001553 seconds
  Import took 0.005592 seconds .

========================================================================
Received Prepare
Registering precompiled user dll's ...
Registered in 0.000866 seconds.
Begin MonoManager ReloadAssembly
Native extension for WindowsStandalone target not found
Refreshing native plugins compatible for Editor in 0.40 ms, found 0 plugins.
Preloading 0 native plugins for Editor in 0.00 ms.
Mono: successfully reloaded assembly
- Completed reload, in  0.842 seconds
Platform modules already initialized, skipping
Shader 'Universal Render Pipeline/Particles/Lit': fallback shader 'Universal Render Pipeline/Particles/SimpleLit' not found
Shader 'Universal Render Pipeline/Particles/Lit': fallback shader 'Universal Render Pipeline/Particles/SimpleLit' not found
Refreshing native plugins compatible for Editor in 0.38 ms, found 0 plugins.
Preloading 0 native plugins for Editor in 0.00 ms.
Unloading 2664 Unused Serialized files (Serialized files now loaded: 0)
System memory in use before: 122.0 MB.
System memory in use after: 119.3 MB.

Unloading 41 unused Assets to reduce memory usage. Loaded Objects now: 3159.
Total: 3.781600 ms (FindLiveObjects: 0.219200 ms CreateObjectMapping: 0.087700 ms MarkObjects: 2.093000 ms  DeleteObjects: 1.381000 ms)

========================================================================
Received Import Request.
  Time since last request: 33.424787 seconds.
  path: Assets/FPP/StateMachine/Selector.cs
  artifactKey: Guid(53b1e2231cc41864a8974f3bac3359f8) Importer(815301076,1909f56bfc062723c751e8b465ee728b)
Start importing Assets/FPP/StateMachine/Selector.cs using Guid(53b1e2231cc41864a8974f3bac3359f8) Importer(815301076,1909f56bfc062723c751e8b465ee728b)  -> (artifact id: 'aaa947ff0b9c3dd90fcc010b86423b11') in 0.003889 seconds
  Import took 0.007585 seconds .

AssetImportWorkerClient::OnTransportError - code=2 error=End of file
